12 Discharging 9.98
12 Discharging 9.98
12 Discharging 9.98
12 Discharging 9.98
12 Discharging 9.98
12 Discharging 9.98
12 Discharging 9.98
12 Discharging 9.98
12 Discharging 9.98
12 Discharging 9.98
12 Discharging 9.98
12 Discharging 9.98
12 Discharging 9.98
12 Discharging 9.98
12 Discharging 9.98
12 Discharging 9.98
12 Discharging 9.98
12 Discharging 9.98
12 Discharging 9.98
12 Discharging 9.98
12 Discharging 9.98
12 Discharging 9.98
12 Discharging 9.98
12 Discharging 9.98
12 Discharging 9.98
12 Discharging 9.98
12 Discharging 9.98
12 Discharging 9.98
12 Discharging 9.98
12 Discharging 9.98
12 Discharging 9.98
12 Discharging 9.98
12 Discharging 9.98
12 Discharging 9.98
12 Discharging 9.98
12 Discharging 9.98
12 Discharging 9.98
12 Discharging 9.98
12 Discharging 9.98
12 Discharging 9.98
